# JRE version: OpenJDK Runtime Environment 18.9 (11.0.15+10) (build 11.0.15+10)
# Java VM: OpenJDK 64-Bit Server VM 18.9 (11.0.15+10, mixed mode, tiered, compressed oops, g1 gc, windows-amd64)
Heap:
 garbage-first heap   total 434176K, used 209047K [0x0000000080000000, 0x0000000100000000)
  region size 1024K, 58 young (59392K), 12 survivors (12288K)
 Metaspace       used 128902K, capacity 131588K, committed 131868K, reserved 632832K
  class space    used 14913K, capacity 15894K, committed 15980K, reserved 516096K
GC Heap History (20 events):
Event: 41.547 GC heap after
{Heap after GC invocations=86 (full 0):
 garbage-first heap   total 434176K, used 143473K [0x0000000080000000, 0x0000000100000000)
  region size 1024K, 14 young (14336K), 14 survivors (14336K)
 Metaspace       used 107978K, capacity 110099K, committed 110236K, reserved 614400K
  class space    used 12338K, capacity 13198K, committed 13292K, reserved 516096K
}
Event: 41.861 GC heap before
{Heap before GC invocations=86 (full 0):
 garbage-first heap   total 434176K, used 363633K [0x0000000080000000, 0x0000000100000000)
  region size 1024K, 229 young (234496K), 14 survivors (14336K)
 Metaspace       used 109910K, capacity 112083K, committed 112156K, reserved 616448K
  class space    used 12541K, capacity 13390K, committed 13420K, reserved 516096K
}
Event: 41.866 GC heap after
{Heap after GC invocations=87 (full 0):
 garbage-first heap   total 434176K, used 144721K [0x0000000080000000, 0x0000000100000000)
  region size 1024K, 15 young (15360K), 15 survivors (15360K)
 Metaspace       used 109910K, capacity 112083K, committed 112156K, reserved 616448K
  class space    used 12541K, capacity 13390K, committed 13420K, reserved 516096K
}
Event: 42.183 GC heap before
{Heap before GC invocations=87 (full 0):
 garbage-first heap   total 434176K, used 374097K [0x0000000080000000, 0x0000000100000000)
  region size 1024K, 233 young (238592K), 15 survivors (15360K)
 Metaspace       used 110112K, capacity 112279K, committed 112540K, reserved 616448K
  class space    used 12570K, capacity 13434K, committed 13548K, reserved 516096K
}
Event: 42.188 GC heap after
{Heap after GC invocations=88 (full 0):
 garbage-first heap   total 434176K, used 135397K [0x0000000080000000, 0x0000000100000000)
  region size 1024K, 11 young (11264K), 11 survivors (11264K)
 Metaspace       used 110112K, capacity 112279K, committed 112540K, reserved 616448K
  class space    used 12570K, capacity 13434K, committed 13548K, reserved 516096K
}
Event: 43.030 GC heap before
{Heap before GC invocations=88 (full 0):
 garbage-first heap   total 434176K, used 386277K [0x0000000080000000, 0x0000000100000000)
  region size 1024K, 240 young (245760K), 11 survivors (11264K)
 Metaspace       used 116101K, capacity 118299K, committed 118428K, reserved 620544K
  class space    used 13345K, capacity 14203K, committed 14316K, reserved 516096K
}
Event: 43.038 GC heap after
{Heap after GC invocations=89 (full 0):
 garbage-first heap   total 434176K, used 153184K [0x0000000080000000, 0x0000000100000000)
  region size 1024K, 24 young (24576K), 24 survivors (24576K)
 Metaspace       used 116101K, capacity 118299K, committed 118428K, reserved 620544K
  class space    used 13345K, capacity 14203K, committed 14316K, reserved 516096K
}
Event: 46.178 GC heap before
{Heap before GC invocations=89 (full 0):
 garbage-first heap   total 434176K, used 365152K [0x0000000080000000, 0x0000000100000000)
  region size 1024K, 230 young (235520K), 24 survivors (24576K)
 Metaspace       used 127816K, capacity 130380K, committed 130460K, reserved 630784K
  class space    used 14858K, capacity 15801K, committed 15852K, reserved 516096K
}
Event: 46.188 GC heap after
{Heap after GC invocations=90 (full 0):
 garbage-first heap   total 434176K, used 157027K [0x0000000080000000, 0x0000000100000000)
  region size 1024K, 18 young (18432K), 18 survivors (18432K)
 Metaspace       used 127816K, capacity 130380K, committed 130460K, reserved 630784K
  class space    used 14858K, capacity 15801K, committed 15852K, reserved 516096K
}
Event: 66.077 GC heap before
{Heap before GC invocations=90 (full 0):
 garbage-first heap   total 434176K, used 365923K [0x0000000080000000, 0x0000000100000000)
  region size 1024K, 222 young (227328K), 18 survivors (18432K)
 Metaspace       used 128875K, capacity 131588K, committed 131868K, reserved 632832K
  class space    used 14913K, capacity 15894K, committed 15980K, reserved 516096K
}
Event: 66.082 GC heap after
{Heap after GC invocations=91 (full 0):
 garbage-first heap   total 434176K, used 161353K [0x0000000080000000, 0x0000000100000000)
  region size 1024K, 11 young (11264K), 11 survivors (11264K)
 Metaspace       used 128875K, capacity 131588K, committed 131868K, reserved 632832K
  class space    used 14913K, capacity 15894K, committed 15980K, reserved 516096K
}
Event: 66.237 GC heap before
{Heap before GC invocations=91 (full 0):
 garbage-first heap   total 434176K, used 368201K [0x0000000080000000, 0x0000000100000000)
  region size 1024K, 214 young (219136K), 11 survivors (11264K)
 Metaspace       used 128880K, capacity 131588K, committed 131868K, reserved 632832K
  class space    used 14913K, capacity 15894K, committed 15980K, reserved 516096K
}
Event: 66.241 GC heap after
{Heap after GC invocations=92 (full 0):
 garbage-first heap   total 434176K, used 160066K [0x0000000080000000, 0x0000000100000000)
  region size 1024K, 10 young (10240K), 10 survivors (10240K)
 Metaspace       used 128880K, capacity 131588K, committed 131868K, reserved 632832K
  class space    used 14913K, capacity 15894K, committed 15980K, reserved 516096K
}
Event: 66.817 GC heap before
{Heap before GC invocations=92 (full 0):
 garbage-first heap   total 434176K, used 376130K [0x0000000080000000, 0x0000000100000000)
  region size 1024K, 219 young (224256K), 10 survivors (10240K)
 Metaspace       used 128898K, capacity 131588K, committed 131868K, reserved 632832K
  class space    used 14913K, capacity 15894K, committed 15980K, reserved 516096K
}
Event: 66.820 GC heap after
{Heap after GC invocations=93 (full 0):
 garbage-first heap   total 434176K, used 157532K [0x0000000080000000, 0x0000000100000000)
  region size 1024K, 8 young (8192K), 8 survivors (8192K)
 Metaspace       used 128898K, capacity 131588K, committed 131868K, reserved 632832K
  class space    used 14913K, capacity 15894K, committed 15980K, reserved 516096K
}
Event: 67.259 GC heap before
{Heap before GC invocations=93 (full 0):
 garbage-first heap   total 434176K, used 377692K [0x0000000080000000, 0x0000000100000000)
  region size 1024K, 221 young (226304K), 8 survivors (8192K)
 Metaspace       used 128902K, capacity 131588K, committed 131868K, reserved 632832K
  class space    used 14913K, capacity 15894K, committed 15980K, reserved 516096K
}
Event: 67.263 GC heap after
{Heap after GC invocations=94 (full 0):
 garbage-first heap   total 434176K, used 161867K [0x0000000080000000, 0x0000000100000000)
  region size 1024K, 10 young (10240K), 10 survivors (10240K)
 Metaspace       used 128902K, capacity 131588K, committed 131868K, reserved 632832K
  class space    used 14913K, capacity 15894K, committed 15980K, reserved 516096K
}
Event: 67.614 GC heap before
{Heap before GC invocations=94 (full 0):
 garbage-first heap   total 434176K, used 376907K [0x0000000080000000, 0x0000000100000000)
  region size 1024K, 220 young (225280K), 10 survivors (10240K)
 Metaspace       used 128902K, capacity 131588K, committed 131868K, reserved 632832K
  class space    used 14913K, capacity 15894K, committed 15980K, reserved 516096K
}
Event: 67.617 GC heap after
{Heap after GC invocations=95 (full 0):
 garbage-first heap   total 434176K, used 162783K [0x0000000080000000, 0x0000000100000000)
  region size 1024K, 11 young (11264K), 11 survivors (11264K)
 Metaspace       used 128902K, capacity 131588K, committed 131868K, reserved 632832K
  class space    used 14913K, capacity 15894K, committed 15980K, reserved 516096K
}
Event: 67.817 GC heap before
{Heap before GC invocations=95 (full 0):
 garbage-first heap   total 434176K, used 207839K [0x0000000080000000, 0x0000000100000000)
  region size 1024K, 57 young (58368K), 11 survivors (11264K)
 Metaspace       used 128902K, capacity 131588K, committed 131868K, reserved 632832K
  class space    used 14913K, capacity 15894K, committed 15980K, reserved 516096K
}

